<?xml version="1.0" encoding="UTF-8"?>
<testsuite name="ru.stqa.crs.sandbox.PrimeTests" tests="2" skipped="0" failures="0" errors="0" timestamp="2021-07-30T10:50:20" hostname="SINI" time="0.016">
  <properties/>
  <testcase name="testNonPrime" classname="ru.stqa.crs.sandbox.PrimeTests" time="0.01"/>
  <testcase name="testPrime" classname="ru.stqa.crs.sandbox.PrimeTests" time="0.001"/>
  <system-out><![CDATA[]]></system-out>
  <system-err><![CDATA[]]></system-err>
</testsuite>
