<?xml version="1.0" encoding="UTF-8"?>
<testsuite name="ru.stqa.pft.rest.tests.RestTests" tests="1" skipped="1" failures="0" errors="0" timestamp="2021-09-08T21:06:25" hostname="SINI" time="16.789">
  <properties/>
  <testcase name="testCreateIssue" classname="ru.stqa.pft.rest.tests.RestTests" time="16.789">
    <skipped/>
  </testcase>
  <system-out><![CDATA[]]></system-out>
  <system-err><![CDATA[]]></system-err>
</testsuite>
